<?xml version="1.0" encoding="UTF-8"?>
<!-- Generated by org.testng.reporters.JUnitReportReporter -->
<testsuite skipped="0" hostname="LAPTOP-OOO8O0GL" name="com.wordpress.tests.Wordpressvalidlogin" tests="1" failures="0" timestamp="2020-10-27T22:19:38 EDT" time="8.819" errors="0">
  <testcase name="checkValidlogin" time="8.819" classname="com.wordpress.tests.Wordpressvalidlogin"/>
  <system-out>
Success login  </system-out>
</testsuite> <!-- com.wordpress.tests.Wordpressvalidlogin -->
